<?xml version="1.0" encoding="UTF-8"?>
<!-- Generated by org.testng.reporters.JUnitReportReporter -->
<testsuite skipped="0" hostname="DESKTOP-L2JFHC2" name="com.cts.Academic.testcases.RegisterpageTest" tests="2" failures="0" timestamp="2020-04-06T15:30:50 IST" time="96.062" errors="0">
  <testcase name="Registertest_check" time="44.396" classname="com.cts.Academic.testcases.RegisterpageTest"/>
  <system-out/>
  <testcase name="Registertest_check" time="51.666" classname="com.cts.Academic.testcases.RegisterpageTest"/>
  <system-out/>
</testsuite> <!-- com.cts.Academic.testcases.RegisterpageTest -->
