<?xml version="1.0" encoding="UTF-8"?>
<!-- Generated by org.testng.reporters.JUnitReportReporter -->
<testsuite skipped="0" hostname="DESKTOP-L2JFHC2" name="com.cts.Academic.testcases.RegisterpageTest" tests="2" failures="0" timestamp="2020-04-07T12:43:25 IST" time="72.476" errors="0">
  <testcase name="Registertest_check" time="34.563" classname="com.cts.Academic.testcases.RegisterpageTest"/>
  <system-out/>
  <testcase name="Registertest_check" time="37.913" classname="com.cts.Academic.testcases.RegisterpageTest"/>
  <system-out/>
</testsuite> <!-- com.cts.Academic.testcases.RegisterpageTest -->
