<?xml version="1.0" encoding="UTF-8"?>
<!-- Generated by org.testng.reporters.JUnitReportReporter -->
<testsuite skipped="0" hostname="DESKTOP-L2JFHC2" name="com.cts.Academic.testcases.Academicpagetest" tests="5" failures="0" timestamp="2020-04-07T09:56:23 IST" time="165.187" errors="0">
  <testcase name="validate_login_page" time="38.133" classname="com.cts.Academic.testcases.Academicpagetest"/>
  <system-out/>
  <testcase name="verify_img" time="27.606" classname="com.cts.Academic.testcases.Academicpagetest"/>
  <system-out/>
  <testcase name="Registration_link" time="32.435" classname="com.cts.Academic.testcases.Academicpagetest"/>
  <system-out/>
  <testcase name="validate_signin_link" time="29.500" classname="com.cts.Academic.testcases.Academicpagetest"/>
  <system-out/>
  <testcase name="login_check" time="37.513" classname="com.cts.Academic.testcases.Academicpagetest"/>
  <system-out/>
</testsuite> <!-- com.cts.Academic.testcases.Academicpagetest -->
