<?xml version="1.0" encoding="UTF-8"?>
<!-- Generated by org.testng.reporters.JUnitReportReporter -->
<testsuite skipped="0" hostname="DESKTOP-L2JFHC2" name="com.cts.Academic.testcases.Academicpagetest" tests="5" failures="0" timestamp="04 Apr 2020 11:22:43 GMT" time="196.538" errors="0">
  <testcase name="validate_login_page" time="42.909" classname="com.cts.Academic.testcases.Academicpagetest"/>
  <testcase name="verify_img" time="34.567" classname="com.cts.Academic.testcases.Academicpagetest"/>
  <testcase name="Registration_link" time="51.794" classname="com.cts.Academic.testcases.Academicpagetest"/>
  <testcase name="validate_signin_link" time="29.723" classname="com.cts.Academic.testcases.Academicpagetest"/>
  <testcase name="login_check" time="37.545" classname="com.cts.Academic.testcases.Academicpagetest"/>
</testsuite> <!-- com.cts.Academic.testcases.Academicpagetest -->
