<?xml version="1.0" encoding="UTF-8"?>
<!-- Generated by org.testng.reporters.JUnitReportReporter -->
<testsuite skipped="0" hostname="DESKTOP-L2JFHC2" name="com.cts.Academic.testcases.HomepageTest" tests="6" failures="0" timestamp="2020-04-07T09:56:23 IST" time="280.123" errors="0">
  <testcase name="vertify_homepage_title" time="61.968" classname="com.cts.Academic.testcases.HomepageTest"/>
  <system-out/>
  <testcase name="user_name_label_check" time="38.972" classname="com.cts.Academic.testcases.HomepageTest"/>
  <system-out/>
  <testcase name="verify_logo" time="37.921" classname="com.cts.Academic.testcases.HomepageTest"/>
  <system-out/>
  <testcase name="click_on_Arts_human_link" time="59.701" classname="com.cts.Academic.testcases.HomepageTest"/>
  <system-out/>
  <testcase name="click_on_medicine_health" time="46.645" classname="com.cts.Academic.testcases.HomepageTest"/>
  <system-out/>
  <testcase name="click_on_Acess_purchase_link" time="34.916" classname="com.cts.Academic.testcases.HomepageTest"/>
  <system-out/>
</testsuite> <!-- com.cts.Academic.testcases.HomepageTest -->
