<?xml version="1.0" encoding="UTF-8"?>
<!-- Generated by org.testng.reporters.JUnitReportReporter -->
<testsuite skipped="0" hostname="DESKTOP-L2JFHC2" name="com.cts.Academic.testcases.Academicpagetest" tests="5" failures="0" timestamp="2020-04-06T15:30:50 IST" time="164.220" errors="0">
  <testcase name="validate_login_page" time="28.017" classname="com.cts.Academic.testcases.Academicpagetest"/>
  <system-out/>
  <testcase name="verify_img" time="38.872" classname="com.cts.Academic.testcases.Academicpagetest"/>
  <system-out/>
  <testcase name="Registration_link" time="30.605" classname="com.cts.Academic.testcases.Academicpagetest"/>
  <system-out/>
  <testcase name="validate_signin_link" time="31.025" classname="com.cts.Academic.testcases.Academicpagetest"/>
  <system-out/>
  <testcase name="login_check" time="35.701" classname="com.cts.Academic.testcases.Academicpagetest"/>
  <system-out/>
</testsuite> <!-- com.cts.Academic.testcases.Academicpagetest -->
