<?xml version="1.0" encoding="UTF-8"?>
<!-- Generated by org.testng.reporters.JUnitReportReporter -->
<testsuite skipped="0" hostname="DESKTOP-L2JFHC2" name="com.cts.Academic.testcases.RegisterpageTest" tests="2" failures="0" timestamp="03 Apr 2020 10:23:37 GMT" time="126.031" errors="0">
  <testcase name="Registertest_check" time="76.026" classname="com.cts.Academic.testcases.RegisterpageTest"/>
  <testcase name="Registertest_check" time="50.005" classname="com.cts.Academic.testcases.RegisterpageTest"/>
</testsuite> <!-- com.cts.Academic.testcases.RegisterpageTest -->
