<?xml version="1.0" encoding="UTF-8"?>
<!-- Generated by org.testng.reporters.JUnitReportReporter -->
<testsuite skipped="0" hostname="DESKTOP-L2JFHC2" name="com.cts.Academic.testcases.HomepageTest" tests="6" failures="0" timestamp="2020-04-06T14:08:22 IST" time="239.989" errors="0">
  <testcase name="vertify_homepage_title" time="31.263" classname="com.cts.Academic.testcases.HomepageTest"/>
  <system-out/>
  <testcase name="user_name_label_check" time="34.358" classname="com.cts.Academic.testcases.HomepageTest"/>
  <system-out/>
  <testcase name="verify_logo" time="37.448" classname="com.cts.Academic.testcases.HomepageTest"/>
  <system-out/>
  <testcase name="click_on_Arts_human_link" time="40.260" classname="com.cts.Academic.testcases.HomepageTest"/>
  <system-out/>
  <testcase name="click_on_medicine_health" time="46.706" classname="com.cts.Academic.testcases.HomepageTest"/>
  <system-out/>
  <testcase name="click_on_Acess_purchase_link" time="49.954" classname="com.cts.Academic.testcases.HomepageTest"/>
  <system-out/>
</testsuite> <!-- com.cts.Academic.testcases.HomepageTest -->
