<?xml version="1.0" encoding="UTF-8"?>
<!-- Generated by org.testng.reporters.JUnitReportReporter -->
<testsuite skipped="0" hostname="DESKTOP-L2JFHC2" name="com.cts.Academic.testcases.Academicpagetest" tests="5" failures="0" timestamp="03 Apr 2020 04:17:19 GMT" time="258.229" errors="0">
  <testcase name="validate_login_page" time="60.148" classname="com.cts.Academic.testcases.Academicpagetest"/>
  <testcase name="verify_img" time="32.862" classname="com.cts.Academic.testcases.Academicpagetest"/>
  <testcase name="validate_signin_link" time="33.069" classname="com.cts.Academic.testcases.Academicpagetest"/>
  <testcase name="login_check" time="68.342" classname="com.cts.Academic.testcases.Academicpagetest"/>
  <testcase name="Registration_link" time="63.808" classname="com.cts.Academic.testcases.Academicpagetest"/>
</testsuite> <!-- com.cts.Academic.testcases.Academicpagetest -->
