<?xml version="1.0" encoding="UTF-8"?>
<!-- Generated by org.testng.reporters.JUnitReportReporter -->
<testsuite skipped="0" hostname="DESKTOP-L2JFHC2" name="com.cts.Academic.testcases.RegisterpageTest" tests="2" failures="0" timestamp="2020-04-06T14:08:22 IST" time="81.658" errors="0">
  <testcase name="Registertest_check" time="40.440" classname="com.cts.Academic.testcases.RegisterpageTest"/>
  <system-out/>
  <testcase name="Registertest_check" time="41.218" classname="com.cts.Academic.testcases.RegisterpageTest"/>
  <system-out/>
</testsuite> <!-- com.cts.Academic.testcases.RegisterpageTest -->
