<?xml version="1.0" encoding="UTF-8"?>
<!-- Generated by org.testng.reporters.JUnitReportReporter -->
<testsuite skipped="0" hostname="DESKTOP-L2JFHC2" name="com.cts.Academic.testcases.Academicpagetest" tests="5" failures="0" timestamp="2020-04-07T12:55:29 IST" time="157.108" errors="0">
  <testcase name="validate_login_page" time="29.922" classname="com.cts.Academic.testcases.Academicpagetest"/>
  <system-out/>
  <testcase name="verify_img" time="31.878" classname="com.cts.Academic.testcases.Academicpagetest"/>
  <system-out/>
  <testcase name="Registration_link" time="28.333" classname="com.cts.Academic.testcases.Academicpagetest"/>
  <system-out/>
  <testcase name="validate_signin_link" time="35.400" classname="com.cts.Academic.testcases.Academicpagetest"/>
  <system-out/>
  <testcase name="login_check" time="31.575" classname="com.cts.Academic.testcases.Academicpagetest"/>
  <system-out/>
</testsuite> <!-- com.cts.Academic.testcases.Academicpagetest -->
