<?xml version="1.0" encoding="UTF-8"?>
<!-- Generated by org.testng.reporters.JUnitReportReporter -->
<testsuite skipped="0" hostname="DESKTOP-L2JFHC2" name="com.cts.Academic.testcases.RegisterpageTest" tests="2" failures="0" timestamp="2020-04-07T09:56:23 IST" time="81.125" errors="0">
  <testcase name="Registertest_check" time="41.657" classname="com.cts.Academic.testcases.RegisterpageTest"/>
  <system-out/>
  <testcase name="Registertest_check" time="39.468" classname="com.cts.Academic.testcases.RegisterpageTest"/>
  <system-out/>
</testsuite> <!-- com.cts.Academic.testcases.RegisterpageTest -->
