<?xml version="1.0" encoding="UTF-8"?>
<!-- Generated by org.testng.reporters.JUnitReportReporter -->
<testsuite skipped="0" hostname="DESKTOP-L2JFHC2" name="com.cts.Academic.tests.Academicpagetest" tests="1" failures="0" timestamp="02 Apr 2020 11:50:03 GMT" time="44.031" errors="0">
  <testcase name="validate_login_page" time="44.031" classname="com.cts.Academic.tests.Academicpagetest"/>
</testsuite> <!-- com.cts.Academic.tests.Academicpagetest -->
